{"C:\\Users\\Sumit Thakur\\Desktop\\Loop.ai project\\data-ingestion-api\\src\\app.js": {"path":"C:\\Users\\Sumit Thakur\\Desktop\\Loop.ai project\\data-ingestion-api\\src\\app.js","statementMap":{"0":{"start":{"line":1,"column":16},"end":{"line":1,"column":34}},"1":{"start":{"line":2,"column":19},"end":{"line":2,"column":41}},"2":{"start":{"line":3,"column":23},"end":{"line":3,"column":57}},"3":{"start":{"line":4,"column":25},"end":{"line":4,"column":66}},"4":{"start":{"line":5,"column":25},"end":{"line":5,"column":66}},"5":{"start":{"line":7,"column":12},"end":{"line":7,"column":21}},"6":{"start":{"line":8,"column":13},"end":{"line":8,"column":37}},"7":{"start":{"line":10,"column":0},"end":{"line":10,"column":27}},"8":{"start":{"line":13,"column":23},"end":{"line":13,"column":43}},"9":{"start":{"line":14,"column":25},"end":{"line":14,"column":61}},"10":{"start":{"line":15,"column":25},"end":{"line":15,"column":61}},"11":{"start":{"line":18,"column":21},"end":{"line":18,"column":65}},"12":{"start":{"line":19,"column":21},"end":{"line":19,"column":65}},"13":{"start":{"line":21,"column":0},"end":{"line":21,"column":33}},"14":{"start":{"line":22,"column":0},"end":{"line":22,"column":33}},"15":{"start":{"line":24,"column":0},"end":{"line":26,"column":3}},"16":{"start":{"line":25,"column":4},"end":{"line":25,"column":65}},"17":{"start":{"line":29,"column":0},"end":{"line":29,"column":21}}},"fnMap":{"0":{"name":"(anonymous_0)","decl":{"start":{"line":24,"column":17},"end":{"line":24,"column":18}},"loc":{"start":{"line":24,"column":23},"end":{"line":26,"column":1}},"line":24}},"branchMap":{"0":{"loc":{"start":{"line":8,"column":13},"end":{"line":8,"column":37}},"type":"binary-expr","locations":[{"start":{"line":8,"column":13},"end":{"line":8,"column":29}},{"start":{"line":8,"column":33},"end":{"line":8,"column":37}}],"line":8}},"s":{"0":1,"1":1,"2":1,"3":1,"4":1,"5":1,"6":1,"7":1,"8":1,"9":1,"10":1,"11":1,"12":1,"13":1,"14":1,"15":1,"16":1,"17":1},"f":{"0":1},"b":{"0":[1,1]},"_coverageSchema":"1a1c01bbd47fc00a2c39e90264f33305004495a9","hash":"879c90e89a96627b8bc8eb3318e086bb85ccaa1e"}
,"C:\\Users\\Sumit Thakur\\Desktop\\Loop.ai project\\data-ingestion-api\\src\\controllers\\ingestController.js": {"path":"C:\\Users\\Sumit Thakur\\Desktop\\Loop.ai project\\data-ingestion-api\\src\\controllers\\ingestController.js","statementMap":{"0":{"start":{"line":1,"column":23},"end":{"line":1,"column":60}},"1":{"start":{"line":2,"column":23},"end":{"line":2,"column":38}},"2":{"start":{"line":6,"column":8},"end":{"line":6,"column":45}},"3":{"start":{"line":7,"column":8},"end":{"line":7,"column":70}},"4":{"start":{"line":11,"column":34},"end":{"line":11,"column":42}},"5":{"start":{"line":13,"column":8},"end":{"line":15,"column":9}},"6":{"start":{"line":14,"column":12},"end":{"line":14,"column":68}},"7":{"start":{"line":17,"column":28},"end":{"line":17,"column":36}},"8":{"start":{"line":18,"column":8},"end":{"line":18,"column":69}},"9":{"start":{"line":20,"column":26},"end":{"line":20,"column":71}},"10":{"start":{"line":21,"column":8},"end":{"line":23,"column":9}},"11":{"start":{"line":22,"column":12},"end":{"line":22,"column":114}},"12":{"start":{"line":25,"column":8},"end":{"line":25,"column":67}},"13":{"start":{"line":29,"column":8},"end":{"line":29,"column":60}},"14":{"start":{"line":33,"column":0},"end":{"line":33,"column":34}}},"fnMap":{"0":{"name":"(anonymous_0)","decl":{"start":{"line":5,"column":4},"end":{"line":5,"column":5}},"loc":{"start":{"line":5,"column":32},"end":{"line":8,"column":5}},"line":5},"1":{"name":"(anonymous_1)","decl":{"start":{"line":10,"column":4},"end":{"line":10,"column":5}},"loc":{"start":{"line":10,"column":33},"end":{"line":26,"column":5}},"line":10},"2":{"name":"(anonymous_2)","decl":{"start":{"line":28,"column":4},"end":{"line":28,"column":5}},"loc":{"start":{"line":28,"column":30},"end":{"line":30,"column":5}},"line":28}},"branchMap":{"0":{"loc":{"start":{"line":13,"column":8},"end":{"line":15,"column":9}},"type":"if","locations":[{"start":{"line":13,"column":8},"end":{"line":15,"column":9}},{"start":{},"end":{}}],"line":13},"1":{"loc":{"start":{"line":13,"column":12},"end":{"line":13,"column":86}},"type":"binary-expr","locations":[{"start":{"line":13,"column":12},"end":{"line":13,"column":31}},{"start":{"line":13,"column":35},"end":{"line":13,"column":51}},{"start":{"line":13,"column":55},"end":{"line":13,"column":86}}],"line":13}},"s":{"0":1,"1":1,"2":1,"3":1,"4":3,"5":3,"6":0,"7":3,"8":3,"9":3,"10":3,"11":4,"12":3,"13":3,"14":1},"f":{"0":1,"1":3,"2":3},"b":{"0":[0,3],"1":[3,3,3]},"_coverageSchema":"1a1c01bbd47fc00a2c39e90264f33305004495a9","hash":"9a8d7953fb640b9e66471e7291125bb5105115dc"}
,"C:\\Users\\Sumit Thakur\\Desktop\\Loop.ai project\\data-ingestion-api\\src\\controllers\\statusController.js": {"path":"C:\\Users\\Sumit Thakur\\Desktop\\Loop.ai project\\data-ingestion-api\\src\\controllers\\statusController.js","statementMap":{"0":{"start":{"line":3,"column":8},"end":{"line":3,"column":45}},"1":{"start":{"line":7,"column":33},"end":{"line":7,"column":43}},"2":{"start":{"line":9,"column":30},"end":{"line":9,"column":76}},"3":{"start":{"line":11,"column":8},"end":{"line":13,"column":9}},"4":{"start":{"line":12,"column":12},"end":{"line":12,"column":77}},"5":{"start":{"line":15,"column":24},"end":{"line":19,"column":11}},"6":{"start":{"line":15,"column":60},"end":{"line":19,"column":9}},"7":{"start":{"line":21,"column":30},"end":{"line":21,"column":60}},"8":{"start":{"line":23,"column":8},"end":{"line":27,"column":11}},"9":{"start":{"line":31,"column":25},"end":{"line":31,"column":59}},"10":{"start":{"line":31,"column":46},"end":{"line":31,"column":58}},"11":{"start":{"line":32,"column":8},"end":{"line":34,"column":9}},"12":{"start":{"line":32,"column":37},"end":{"line":32,"column":62}},"13":{"start":{"line":33,"column":12},"end":{"line":33,"column":34}},"14":{"start":{"line":35,"column":8},"end":{"line":37,"column":9}},"15":{"start":{"line":35,"column":36},"end":{"line":35,"column":58}},"16":{"start":{"line":36,"column":12},"end":{"line":36,"column":31}},"17":{"start":{"line":38,"column":8},"end":{"line":38,"column":27}},"18":{"start":{"line":42,"column":0},"end":{"line":42,"column":34}}},"fnMap":{"0":{"name":"(anonymous_0)","decl":{"start":{"line":2,"column":4},"end":{"line":2,"column":5}},"loc":{"start":{"line":2,"column":32},"end":{"line":4,"column":5}},"line":2},"1":{"name":"(anonymous_1)","decl":{"start":{"line":6,"column":4},"end":{"line":6,"column":5}},"loc":{"start":{"line":6,"column":27},"end":{"line":28,"column":5}},"line":6},"2":{"name":"(anonymous_2)","decl":{"start":{"line":15,"column":50},"end":{"line":15,"column":51}},"loc":{"start":{"line":15,"column":60},"end":{"line":19,"column":9}},"line":15},"3":{"name":"(anonymous_3)","decl":{"start":{"line":30,"column":4},"end":{"line":30,"column":5}},"loc":{"start":{"line":30,"column":30},"end":{"line":39,"column":5}},"line":30},"4":{"name":"(anonymous_4)","decl":{"start":{"line":31,"column":37},"end":{"line":31,"column":38}},"loc":{"start":{"line":31,"column":46},"end":{"line":31,"column":58}},"line":31},"5":{"name":"(anonymous_5)","decl":{"start":{"line":32,"column":27},"end":{"line":32,"column":28}},"loc":{"start":{"line":32,"column":37},"end":{"line":32,"column":62}},"line":32},"6":{"name":"(anonymous_6)","decl":{"start":{"line":35,"column":26},"end":{"line":35,"column":27}},"loc":{"start":{"line":35,"column":36},"end":{"line":35,"column":58}},"line":35}},"branchMap":{"0":{"loc":{"start":{"line":11,"column":8},"end":{"line":13,"column":9}},"type":"if","locations":[{"start":{"line":11,"column":8},"end":{"line":13,"column":9}},{"start":{},"end":{}}],"line":11},"1":{"loc":{"start":{"line":32,"column":8},"end":{"line":34,"column":9}},"type":"if","locations":[{"start":{"line":32,"column":8},"end":{"line":34,"column":9}},{"start":{},"end":{}}],"line":32},"2":{"loc":{"start":{"line":35,"column":8},"end":{"line":37,"column":9}},"type":"if","locations":[{"start":{"line":35,"column":8},"end":{"line":37,"column":9}},{"start":{},"end":{}}],"line":35}},"s":{"0":1,"1":2,"2":2,"3":2,"4":0,"5":2,"6":4,"7":2,"8":2,"9":2,"10":4,"11":2,"12":4,"13":2,"14":0,"15":0,"16":0,"17":0,"18":1},"f":{"0":1,"1":2,"2":4,"3":2,"4":4,"5":4,"6":0},"b":{"0":[0,2],"1":[2,0],"2":[0,0]},"_coverageSchema":"1a1c01bbd47fc00a2c39e90264f33305004495a9","hash":"0f99f5c92f9a7ee2a8d2d88ec9fa776ec084ffa1"}
,"C:\\Users\\Sumit Thakur\\Desktop\\Loop.ai project\\data-ingestion-api\\src\\models\\ingestionStore.js": {"path":"C:\\Users\\Sumit Thakur\\Desktop\\Loop.ai project\\data-ingestion-api\\src\\models\\ingestionStore.js","statementMap":{"0":{"start":{"line":3,"column":8},"end":{"line":3,"column":29}},"1":{"start":{"line":7,"column":8},"end":{"line":12,"column":10}},"2":{"start":{"line":16,"column":24},"end":{"line":16,"column":26}},"3":{"start":{"line":17,"column":8},"end":{"line":23,"column":9}},"4":{"start":{"line":17,"column":21},"end":{"line":17,"column":22}},"5":{"start":{"line":18,"column":12},"end":{"line":22,"column":15}},"6":{"start":{"line":24,"column":8},"end":{"line":24,"column":23}},"7":{"start":{"line":28,"column":8},"end":{"line":28,"column":66}},"8":{"start":{"line":32,"column":8},"end":{"line":32,"column":52}},"9":{"start":{"line":36,"column":26},"end":{"line":36,"column":56}},"10":{"start":{"line":37,"column":8},"end":{"line":42,"column":9}},"11":{"start":{"line":38,"column":26},"end":{"line":38,"column":76}},"12":{"start":{"line":38,"column":54},"end":{"line":38,"column":75}},"13":{"start":{"line":39,"column":12},"end":{"line":41,"column":13}},"14":{"start":{"line":40,"column":16},"end":{"line":40,"column":38}},"15":{"start":{"line":46,"column":26},"end":{"line":46,"column":56}},"16":{"start":{"line":47,"column":8},"end":{"line":49,"column":9}},"17":{"start":{"line":48,"column":12},"end":{"line":48,"column":38}},"18":{"start":{"line":53,"column":0},"end":{"line":53,"column":32}}},"fnMap":{"0":{"name":"(anonymous_0)","decl":{"start":{"line":2,"column":4},"end":{"line":2,"column":5}},"loc":{"start":{"line":2,"column":18},"end":{"line":4,"column":5}},"line":2},"1":{"name":"(anonymous_1)","decl":{"start":{"line":6,"column":4},"end":{"line":6,"column":5}},"loc":{"start":{"line":6,"column":45},"end":{"line":13,"column":5}},"line":6},"2":{"name":"(anonymous_2)","decl":{"start":{"line":15,"column":4},"end":{"line":15,"column":5}},"loc":{"start":{"line":15,"column":23},"end":{"line":25,"column":5}},"line":15},"3":{"name":"(anonymous_3)","decl":{"start":{"line":27,"column":4},"end":{"line":27,"column":5}},"loc":{"start":{"line":27,"column":22},"end":{"line":29,"column":5}},"line":27},"4":{"name":"(anonymous_4)","decl":{"start":{"line":31,"column":4},"end":{"line":31,"column":5}},"loc":{"start":{"line":31,"column":30},"end":{"line":33,"column":5}},"line":31},"5":{"name":"(anonymous_5)","decl":{"start":{"line":35,"column":4},"end":{"line":35,"column":5}},"loc":{"start":{"line":35,"column":52},"end":{"line":43,"column":5}},"line":35},"6":{"name":"(anonymous_6)","decl":{"start":{"line":38,"column":49},"end":{"line":38,"column":50}},"loc":{"start":{"line":38,"column":54},"end":{"line":38,"column":75}},"line":38},"7":{"name":"(anonymous_7)","decl":{"start":{"line":45,"column":4},"end":{"line":45,"column":5}},"loc":{"start":{"line":45,"column":47},"end":{"line":50,"column":5}},"line":45}},"branchMap":{"0":{"loc":{"start":{"line":32,"column":15},"end":{"line":32,"column":51}},"type":"binary-expr","locations":[{"start":{"line":32,"column":15},"end":{"line":32,"column":43}},{"start":{"line":32,"column":47},"end":{"line":32,"column":51}}],"line":32},"1":{"loc":{"start":{"line":37,"column":8},"end":{"line":42,"column":9}},"type":"if","locations":[{"start":{"line":37,"column":8},"end":{"line":42,"column":9}},{"start":{},"end":{}}],"line":37},"2":{"loc":{"start":{"line":39,"column":12},"end":{"line":41,"column":13}},"type":"if","locations":[{"start":{"line":39,"column":12},"end":{"line":41,"column":13}},{"start":{},"end":{}}],"line":39},"3":{"loc":{"start":{"line":47,"column":8},"end":{"line":49,"column":9}},"type":"if","locations":[{"start":{"line":47,"column":8},"end":{"line":49,"column":9}},{"start":{},"end":{}}],"line":47}},"s":{"0":1,"1":3,"2":3,"3":3,"4":3,"5":4,"6":3,"7":4,"8":5,"9":0,"10":0,"11":0,"12":0,"13":0,"14":0,"15":0,"16":0,"17":0,"18":1},"f":{"0":1,"1":3,"2":3,"3":4,"4":5,"5":0,"6":0,"7":0},"b":{"0":[5,0],"1":[0,0],"2":[0,0],"3":[0,0]},"_coverageSchema":"1a1c01bbd47fc00a2c39e90264f33305004495a9","hash":"f6bb3ca998b98da67765046620228c2124ab6cc0"}
,"C:\\Users\\Sumit Thakur\\Desktop\\Loop.ai project\\data-ingestion-api\\src\\routes\\ingest.js": {"path":"C:\\Users\\Sumit Thakur\\Desktop\\Loop.ai project\\data-ingestion-api\\src\\routes\\ingest.js","statementMap":{"0":{"start":{"line":1,"column":16},"end":{"line":1,"column":34}},"1":{"start":{"line":3,"column":0},"end":{"line":7,"column":2}},"2":{"start":{"line":4,"column":19},"end":{"line":4,"column":35}},"3":{"start":{"line":5,"column":4},"end":{"line":5,"column":76}},"4":{"start":{"line":5,"column":35},"end":{"line":5,"column":74}},"5":{"start":{"line":6,"column":4},"end":{"line":6,"column":18}}},"fnMap":{"0":{"name":"(anonymous_0)","decl":{"start":{"line":3,"column":17},"end":{"line":3,"column":18}},"loc":{"start":{"line":3,"column":39},"end":{"line":7,"column":1}},"line":3},"1":{"name":"(anonymous_1)","decl":{"start":{"line":5,"column":21},"end":{"line":5,"column":22}},"loc":{"start":{"line":5,"column":35},"end":{"line":5,"column":74}},"line":5}},"branchMap":{},"s":{"0":1,"1":1,"2":1,"3":1,"4":3,"5":1},"f":{"0":1,"1":3},"b":{},"_coverageSchema":"1a1c01bbd47fc00a2c39e90264f33305004495a9","hash":"73a438e182e90a7e23c2ad819bfbdf0321941d35"}
,"C:\\Users\\Sumit Thakur\\Desktop\\Loop.ai project\\data-ingestion-api\\src\\routes\\status.js": {"path":"C:\\Users\\Sumit Thakur\\Desktop\\Loop.ai project\\data-ingestion-api\\src\\routes\\status.js","statementMap":{"0":{"start":{"line":1,"column":16},"end":{"line":1,"column":34}},"1":{"start":{"line":3,"column":0},"end":{"line":7,"column":2}},"2":{"start":{"line":4,"column":19},"end":{"line":4,"column":35}},"3":{"start":{"line":5,"column":4},"end":{"line":5,"column":88}},"4":{"start":{"line":5,"column":47},"end":{"line":5,"column":86}},"5":{"start":{"line":6,"column":4},"end":{"line":6,"column":18}}},"fnMap":{"0":{"name":"(anonymous_0)","decl":{"start":{"line":3,"column":17},"end":{"line":3,"column":18}},"loc":{"start":{"line":3,"column":39},"end":{"line":7,"column":1}},"line":3},"1":{"name":"(anonymous_1)","decl":{"start":{"line":5,"column":33},"end":{"line":5,"column":34}},"loc":{"start":{"line":5,"column":47},"end":{"line":5,"column":86}},"line":5}},"branchMap":{},"s":{"0":1,"1":1,"2":1,"3":1,"4":2,"5":1},"f":{"0":1,"1":2},"b":{},"_coverageSchema":"1a1c01bbd47fc00a2c39e90264f33305004495a9","hash":"8d664a0da52538f054016df2f3394459ee69cf45"}
,"C:\\Users\\Sumit Thakur\\Desktop\\Loop.ai project\\data-ingestion-api\\src\\services\\batchProcessor.js": {"path":"C:\\Users\\Sumit Thakur\\Desktop\\Loop.ai project\\data-ingestion-api\\src\\services\\batchProcessor.js","statementMap":{"0":{"start":{"line":3,"column":8},"end":{"line":3,"column":45}},"1":{"start":{"line":4,"column":8},"end":{"line":4,"column":34}},"2":{"start":{"line":5,"column":8},"end":{"line":5,"column":34}},"3":{"start":{"line":9,"column":8},"end":{"line":9,"column":41}},"4":{"start":{"line":10,"column":8},"end":{"line":10,"column":30}},"5":{"start":{"line":14,"column":8},"end":{"line":16,"column":9}},"6":{"start":{"line":15,"column":12},"end":{"line":15,"column":19}},"7":{"start":{"line":18,"column":8},"end":{"line":18,"column":33}},"8":{"start":{"line":20,"column":8},"end":{"line":24,"column":9}},"9":{"start":{"line":21,"column":26},"end":{"line":21,"column":54}},"10":{"start":{"line":22,"column":12},"end":{"line":22,"column":43}},"11":{"start":{"line":23,"column":12},"end":{"line":23,"column":35}},"12":{"start":{"line":26,"column":8},"end":{"line":26,"column":34}},"13":{"start":{"line":30,"column":33},"end":{"line":30,"column":38}},"14":{"start":{"line":31,"column":24},"end":{"line":31,"column":26}},"15":{"start":{"line":33,"column":8},"end":{"line":37,"column":9}},"16":{"start":{"line":35,"column":12},"end":{"line":35,"column":35}},"17":{"start":{"line":36,"column":12},"end":{"line":36,"column":52}},"18":{"start":{"line":39,"column":8},"end":{"line":39,"column":77}},"19":{"start":{"line":43,"column":8},"end":{"line":43,"column":63}},"20":{"start":{"line":43,"column":38},"end":{"line":43,"column":61}},"21":{"start":{"line":47,"column":0},"end":{"line":47,"column":32}}},"fnMap":{"0":{"name":"(anonymous_0)","decl":{"start":{"line":2,"column":4},"end":{"line":2,"column":5}},"loc":{"start":{"line":2,"column":32},"end":{"line":6,"column":5}},"line":2},"1":{"name":"(anonymous_1)","decl":{"start":{"line":8,"column":4},"end":{"line":8,"column":5}},"loc":{"start":{"line":8,"column":24},"end":{"line":11,"column":5}},"line":8},"2":{"name":"(anonymous_2)","decl":{"start":{"line":13,"column":4},"end":{"line":13,"column":5}},"loc":{"start":{"line":13,"column":27},"end":{"line":27,"column":5}},"line":13},"3":{"name":"(anonymous_3)","decl":{"start":{"line":29,"column":4},"end":{"line":29,"column":5}},"loc":{"start":{"line":29,"column":30},"end":{"line":40,"column":5}},"line":29},"4":{"name":"(anonymous_4)","decl":{"start":{"line":42,"column":4},"end":{"line":42,"column":5}},"loc":{"start":{"line":42,"column":14},"end":{"line":44,"column":5}},"line":42},"5":{"name":"(anonymous_5)","decl":{"start":{"line":43,"column":27},"end":{"line":43,"column":28}},"loc":{"start":{"line":43,"column":38},"end":{"line":43,"column":61}},"line":43}},"branchMap":{"0":{"loc":{"start":{"line":14,"column":8},"end":{"line":16,"column":9}},"type":"if","locations":[{"start":{"line":14,"column":8},"end":{"line":16,"column":9}},{"start":{},"end":{}}],"line":14},"1":{"loc":{"start":{"line":14,"column":12},"end":{"line":14,"column":66}},"type":"binary-expr","locations":[{"start":{"line":14,"column":12},"end":{"line":14,"column":29}},{"start":{"line":14,"column":33},"end":{"line":14,"column":66}}],"line":14}},"s":{"0":1,"1":1,"2":1,"3":4,"4":4,"5":4,"6":3,"7":1,"8":1,"9":1,"10":1,"11":0,"12":0,"13":1,"14":1,"15":1,"16":1,"17":0,"18":0,"19":1,"20":1,"21":1},"f":{"0":1,"1":4,"2":4,"3":1,"4":1,"5":1},"b":{"0":[3,1],"1":[4,1]},"_coverageSchema":"1a1c01bbd47fc00a2c39e90264f33305004495a9","hash":"14637beefc1fd0147963f8c339a7415882f0cd5f"}
}
